1                                                          The SAS System                             11:13 Thursday, March 26, 2020

NOTE: Unable to open SASUSER.REGSTRY. WORK.REGSTRY will be opened instead.
NOTE: All registry changes will be lost at the end of the session.

WARNING: Unable to copy SASUSER registry to WORK registry. Because of this, you will not see registry customizations during this 
         session.
NOTE: Unable to open SASUSER.PROFILE. WORK.PROFILE will be opened instead.
NOTE: All profile changes will be lost at the end of the session.
NOTE: Copyright (c) 2016 by SAS Institute Inc., Cary, NC, USA. 
NOTE: SAS (r) Proprietary Software 9.4 (TS1M6) 
      Licensed to UNIVERSITY OF PENNSYLVANIA - SFA T&R, Site 70055201.
NOTE: This session is executing on the Linux 3.10.0-1062.9.1.el7.x86_64 (LIN X64) platform.



NOTE: Analytical products:
      
      SAS/STAT 15.1
      SAS/ETS 15.1
      SAS/OR 15.1
      SAS/IML 15.1
      SAS/QC 15.1

NOTE: Additional host information:

 Linux LIN X64 3.10.0-1062.9.1.el7.x86_64 #1 SMP Mon Dec 2 08:31:54 EST 2019 x86_64 Red Hat Enterprise Linux Server release 7.7 
      (Maipo) 


Please note that as part of the University of Pennsylvania's COVID-19 
response plan, WRDS is 100% fully operational but functioning with remote 
support. We do not anticipate any changes to your service, but if there are 
significant updates to report, we will post them here. We are committed to 
supporting your research and teaching during this event and look forward to 
resuming normal office operations as soon as practicable.

If you have questions, please email us through WRDS Support Help Desk >>
     wrds-support@wharton.upenn.edu

WRDS sends its thoughts and concerns to our users worldwide who are 
experiencing impacts of COVID-19, also known as the coronavirus. Our primary 
concern is for the safety and well-being of those directly affected by this 
virus, and we send our best wishes for recovery and good health.



NOTE: SAS initialization used:
      real time           0.15 seconds
      cpu time            0.03 seconds
      

NOTE: AUTOEXEC processing beginning; file is /home/uwm/junyong/autoexec.sas.

NOTE: Libref AHA was successfully assigned as follows: 
      Levels:           7
      Engine(1):        V9 
      Physical Name(1): /wrds/aha/sasdata/annual_survey
      Engine(2):        V9 
      Physical Name(2): /wrds/aha/sasdata/it_survey
      Engine(3):        V9 
      Physical Name(3): /wrds/aha/sasdata/hcris
      Engine(4):        V9 
      Physical Name(4): /wrds/aha/sasdata/annual_survey_3years
      Engine(5):        V9 
      Physical Name(5): /wrds/aha/sasdata/it_survey_3years
      Engine(6):        V9 
      Physical Name(6): /wrds/aha/sasdata/hcris_3years
      Engine(7):        V9 
      Physical Name(7): /wrds/aha/sasdata/annual_survey_history
NOTE: Libref AHASAMP was successfully assigned as follows: 
      Engine:        V9 
      Physical Name: /wrds/samples/sasdata/aha
NOTE: Libref AUDIT was successfully assigned as follows: 
      Levels:           5
      Engine(1):        V9 
      Physical Name(1): /wrds/audit/sasdata/audit_comp
      Engine(2):        V9 
      Physical Name(2): /wrds/audit/sasdata/corp_legal
      Engine(3):        V9 
      Physical Name(3): /wrds/audit/sasdata/oia
      Engine(4):        V9 
      Physical Name(4): /wrds/audit/sasdata/sedar
      Engine(5):        V9 
      Physical Name(5): /wrds/audit/sasdata/acct_os
NOTE: Libref BANK was successfully assigned as follows: 
      Levels:           3
      Engine(1):        V9 
      Physical Name(1): /wrds/bank/sasdata
      Engine(2):        V9 
      Physical Name(2): /wrds/bank/sasdata/commercial
      Engine(3):        V9 
      Physical Name(3): /wrds/bank/sasdata/holding
NOTE: Libref BLOCK was successfully assigned as follows: 
      Engine:        V9 
      Physical Name: /wrds/blockholders/sasdata
NOTE: Libref BOARDEX was successfully assigned as follows: 
      Levels:           4
      Engine(1):        V9 
      Physical Name(1): /wrds/boardex/sasdata/na
      Engine(2):        V9 
      Physical Name(2): /wrds/boardex/sasdata/eur
      Engine(3):        V9 
      Physical Name(3): /wrds/boardex/sasdata/uk
      Engine(4):        V9 
      Physical Name(4): /wrds/boardex/sasdata/row
NOTE: Libref BOARDSMP was successfully assigned as follows: 
      Engine:        V9 
      Physical Name: /wrds/samples/sasdata/boardex
NOTE: Libref BVD was successfully assigned as follows: 
      Levels:           10
      Engine(1):        V9 
      Physical Name(1): /wrds/bvd/sasdata/ama_v
      Engine(2):        V9 
      Physical Name(2): /wrds/bvd/sasdata/ama_l
      Engine(3):        V9 
      Physical Name(3): /wrds/bvd/sasdata/ama_m
      Engine(4):        V9 
      Physical Name(4): /wrds/bvd/sasdata/ama_s
      Engine(5):        V9 
      Physical Name(5): /wrds/bvd/sasdata/bankf
      Engine(6):        V9 
      Physical Name(6): /wrds/bvd/sasdata/is
      Engine(7):        V9 
      Physical Name(7): /wrds/bvd/sasdata/os
      Engine(8):        V9 
      Physical Name(8): /wrds/bvd/sasdata/bvdorbis/ob_l
      Engine(9):        V9 
      Physical Name(9): /wrds/bvd/sasdata/bvdorbis/ob_m
      Engine(10):        V9 
      Physical Name(10): /wrds/bvd/sasdata/bvdorbis/ob_s
NOTE: Libref BVDLGCY was successfully assigned as follows: 
      Engine:        V9 
      Physical Name: /wrds/bvdlegacy/sasdata/bs
NOTE: Libref BVDSAMP was successfully assigned as follows: 
      Levels:           3
      Engine(1):        V9 
      Physical Name(1): /wrds/samples/sasdata/bvd_ama
      Engine(2):        V9 
      Physical Name(2): /wrds/samples/sasdata/bvd_bs
      Engine(3):        V9 
      Physical Name(3): /wrds/samples/sasdata/bvdorbis
NOTE: Libref CALCBNCH was successfully assigned as follows: 
      Levels:           16
      Engine(1):        V9 
      Physical Name(1): /wrds/calcbench/sasdata
      Engine(2):        V9 
      Physical Name(2): /wrds/calcbench/sasdata/ap_ar
      Engine(3):        V9 
      Physical Name(3): /wrds/calcbench/sasdata/business_combinations
      Engine(4):        V9 
      Physical Name(4): /wrds/calcbench/sasdata/commitment_contingency
      Engine(5):        V9 
      Physical Name(5): /wrds/calcbench/sasdata/concentration_risk
      Engine(6):        V9 
      Physical Name(6): /wrds/calcbench/sasdata/derivatives_hedging
      Engine(7):        V9 
      Physical Name(7): /wrds/calcbench/sasdata/discontinued_ops
      Engine(8):        V9 
      Physical Name(8): /wrds/calcbench/sasdata/equity_investments
      Engine(9):        V9 
      Physical Name(9): /wrds/calcbench/sasdata/equity_compensation
      Engine(10):        V9 
      Physical Name(10): /wrds/calcbench/sasdata/fair_value
      Engine(11):        V9 
      Physical Name(11): /wrds/calcbench/sasdata/business_segments
      Engine(12):        V9 
      Physical Name(12): /wrds/calcbench/sasdata/goodwill
      Engine(13):        V9 
      Physical Name(13): /wrds/calcbench/sasdata/income_tax
      Engine(14):        V9 
      Physical Name(14): /wrds/calcbench/sasdata/inventory
      Engine(15):        V9 
      Physical Name(15): /wrds/calcbench/sasdata/leases
      Engine(16):        V9 
      Physical Name(16): /wrds/calcbench/sasdata/equity_repurchases
NOTE: Libref CALCSAMP was successfully assigned as follows: 
      Engine:        V9 
      Physical Name: /wrds/samples/sasdata/calcbench
NOTE: Libref CBOE was successfully assigned as follows: 
      Engine:        V9 
      Physical Name: /wrds/cboe/sasdata
NOTE: Libref CENTRIS was successfully assigned as follows: 
      Engine:        V9 
      Physical Name: /wrds/centris/sasdata
NOTE: Libref CIQ was successfully assigned as follows: 
      Levels:           7
      Engine(1):        V9 
      Physical Name(1): /wrds/capitaliq/sasdata/helper
      Engine(2):        V9 
      Physical Name(2): /wrds/capitaliq/sasdata/pplintel
      Engine(3):        V9 
      Physical Name(3): /wrds/capitaliq/sasdata/keydev
      Engine(4):        V9 
      Physical Name(4): /wrds/capitaliq/sasdata/capstructure
      Engine(5):        V9 
      Physical Name(5): /wrds/capitaliq/sasdata/ratings
      Engine(6):        V9 
      Physical Name(6): /wrds/capitaliq/sasdata/transactions
      Engine(7):        V9 
      Physical Name(7): /wrds/capitaliq/sasdata/transcripts
NOTE: Libref CIQSAMP was successfully assigned as follows: 
      Levels:           7
      Engine(1):        V9 
      Physical Name(1): /wrds/ciqsamp/sasdata/capstructure
      Engine(2):        V9 
      Physical Name(2): /wrds/ciqsamp/sasdata/helper
      Engine(3):        V9 
      Physical Name(3): /wrds/ciqsamp/sasdata/keydev
      Engine(4):        V9 
      Physical Name(4): /wrds/ciqsamp/sasdata/pplintel
      Engine(5):        V9 
      Physical Name(5): /wrds/ciqsamp/sasdata/ratings
      Engine(6):        V9 
      Physical Name(6): /wrds/ciqsamp/sasdata/transactions
      Engine(7):        V9 
      Physical Name(7): /wrds/ciqsamp/sasdata/transcripts
NOTE: Libref CISDM was successfully assigned as follows: 
      Engine:        V9 
      Physical Name: /wrds/morningstar/sasdata/cisdm
NOTE: Libref CISDMSMP was successfully assigned as follows: 
      Engine:        V9 
      Physical Name: /wrds/samples/sasdata/morningstar
NOTE: Libref CLRVT was successfully assigned as follows: 
      Engine:        V9 
      Physical Name: /wrds/clrvt/sasdata/drugs
NOTE: Libref CLRVTSMP was successfully assigned as follows: 
      Engine:        V9 
      Physical Name: /wrds/samples/sasdata/clrvt
NOTE: Libref COMPB was successfully assigned as follows: 
      Engine:        V9 
      Physical Name: /wrds/comp/sasdata/bank
NOTE: Libref COMPBD was successfully assigned as follows: 
      Engine:        V9 
      Physical Name: /wrds/comp/sasdata/d_bank
NOTE: Libref COMPG was successfully assigned as follows: 
      Levels:           7
      Engine(1):        V9 
      Physical Name(1): /wrds/comp/sasdata/global
      Engine(2):        V9 
      Physical Name(2): /wrds/comp/sasdata/global/company
      Engine(3):        V9 
      Physical Name(3): /wrds/comp/sasdata/global/currency
      Engine(4):        V9 
      Physical Name(4): /wrds/comp/sasdata/global/dictionary
      Engine(5):        V9 
      Physical Name(5): /wrds/comp/sasdata/global/economy
      Engine(6):        V9 
      Physical Name(6): /wrds/comp/sasdata/global/index
      Engine(7):        V9 
      Physical Name(7): /wrds/comp/sasdata/global/security
NOTE: Libref COMPGD was successfully assigned as follows: 
      Levels:           7
      Engine(1):        V9 
      Physical Name(1): /wrds/comp/sasdata/d_global
      Engine(2):        V9 
      Physical Name(2): /wrds/comp/sasdata/d_global/company
      Engine(3):        V9 
      Physical Name(3): /wrds/comp/sasdata/d_global/currency
      Engine(4):        V9 
      Physical Name(4): /wrds/comp/sasdata/d_global/dictionary
      Engine(5):        V9 
      Physical Name(5): /wrds/comp/sasdata/d_global/economy
      Engine(6):        V9 
      Physical Name(6): /wrds/comp/sasdata/d_global/index
      Engine(7):        V9 
      Physical Name(7): /wrds/comp/sasdata/d_global/security
NOTE: Libref COMPA was successfully assigned as follows: 
      Levels:           14
      Engine(1):        V9 
      Physical Name(1): /wrds/comp/sasdata/naa
      Engine(2):        V9 
      Physical Name(2): /wrds/comp/sasdata/naa/company
      Engine(3):        V9 
      Physical Name(3): /wrds/comp/sasdata/naa/currency
      Engine(4):        V9 
      Physical Name(4): /wrds/comp/sasdata/naa/dictionary
      Engine(5):        V9 
      Physical Name(5): /wrds/comp/sasdata/naa/economy
      Engine(6):        V9 
      Physical Name(6): /wrds/comp/sasdata/naa/index
      Engine(7):        V9 
      Physical Name(7): /wrds/comp/sasdata/naa/industry
      Engine(8):        V9 
      Physical Name(8): /wrds/comp/sasdata/naa/insider
      Engine(9):        V9 
      Physical Name(9): /wrds/comp/sasdata/naa/institution
      Engine(10):        V9 
      Physical Name(10): /wrds/comp/sasdata/naa/pension
      Engine(11):        V9 
      Physical Name(11): /wrds/comp/sasdata/naa/rating
      Engine(12):        V9 
      Physical Name(12): /wrds/comp/sasdata/naa/security
      Engine(13):        V9 
      Physical Name(13): /wrds/comp/sasdata/naa/segments_current
      Engine(14):        V9 
      Physical Name(14): /wrds/comp/sasdata/naa/transparency
NOTE: Libref COMPM was successfully assigned as follows: 
      Levels:           14
      Engine(1):        V9 
      Physical Name(1): /wrds/comp/sasdata/nam
      Engine(2):        V9 
      Physical Name(2): /wrds/comp/sasdata/nam/company
      Engine(3):        V9 
      Physical Name(3): /wrds/comp/sasdata/nam/currency
      Engine(4):        V9 
      Physical Name(4): /wrds/comp/sasdata/nam/dictionary
      Engine(5):        V9 
      Physical Name(5): /wrds/comp/sasdata/nam/economy
      Engine(6):        V9 
      Physical Name(6): /wrds/comp/sasdata/nam/index
      Engine(7):        V9 
      Physical Name(7): /wrds/comp/sasdata/nam/industry
      Engine(8):        V9 
      Physical Name(8): /wrds/comp/sasdata/nam/insider
      Engine(9):        V9 
      Physical Name(9): /wrds/comp/sasdata/nam/institution
      Engine(10):        V9 
      Physical Name(10): /wrds/comp/sasdata/nam/pension
      Engine(11):        V9 
      Physical Name(11): /wrds/comp/sasdata/nam/rating
      Engine(12):        V9 
      Physical Name(12): /wrds/comp/sasdata/nam/security
      Engine(13):        V9 
      Physical Name(13): /wrds/comp/sasdata/nam/segments_current
      Engine(14):        V9 
      Physical Name(14): /wrds/comp/sasdata/nam/transparency
NOTE: Libref COMPMCUR was successfully assigned as follows: 
      Levels:           14
      Engine(1):        V9 
      Physical Name(1): /wrds/comp/sasdata/nam_current
      Engine(2):        V9 
      Physical Name(2): /wrds/comp/sasdata/nam_current/company
      Engine(3):        V9 
      Physical Name(3): /wrds/comp/sasdata/nam_current/currency
      Engine(4):        V9 
      Physical Name(4): /wrds/comp/sasdata/nam_current/dictionary
      Engine(5):        V9 
      Physical Name(5): /wrds/comp/sasdata/nam_current/economy
      Engine(6):        V9 
      Physical Name(6): /wrds/comp/sasdata/nam_current/index
      Engine(7):        V9 
      Physical Name(7): /wrds/comp/sasdata/nam_current/industry
      Engine(8):        V9 
      Physical Name(8): /wrds/comp/sasdata/nam_current/insider
      Engine(9):        V9 
      Physical Name(9): /wrds/comp/sasdata/nam_current/institution
      Engine(10):        V9 
      Physical Name(10): /wrds/comp/sasdata/nam_current/pension
      Engine(11):        V9 
      Physical Name(11): /wrds/comp/sasdata/nam_current/rating
      Engine(12):        V9 
      Physical Name(12): /wrds/comp/sasdata/nam_current/security
      Engine(13):        V9 
      Physical Name(13): /wrds/comp/sasdata/nam_current/segments_current
      Engine(14):        V9 
      Physical Name(14): /wrds/comp/sasdata/nam_current/transparency
NOTE: Libref COMPNAD was successfully assigned as follows: 
      Levels:           14
      Engine(1):        V9 
      Physical Name(1): /wrds/comp/sasdata/d_na
      Engine(2):        V9 
      Physical Name(2): /wrds/comp/sasdata/d_na/company
      Engine(3):        V9 
      Physical Name(3): /wrds/comp/sasdata/d_na/currency
      Engine(4):        V9 
      Physical Name(4): /wrds/comp/sasdata/d_na/dictionary
      Engine(5):        V9 
      Physical Name(5): /wrds/comp/sasdata/d_na/economy
      Engine(6):        V9 
      Physical Name(6): /wrds/comp/sasdata/d_na/index
      Engine(7):        V9 
      Physical Name(7): /wrds/comp/sasdata/d_na/industry
      Engine(8):        V9 
      Physical Name(8): /wrds/comp/sasdata/d_na/insider
      Engine(9):        V9 
      Physical Name(9): /wrds/comp/sasdata/d_na/institution
      Engine(10):        V9 
      Physical Name(10): /wrds/comp/sasdata/d_na/pension
      Engine(11):        V9 
      Physical Name(11): /wrds/comp/sasdata/d_na/rating
      Engine(12):        V9 
      Physical Name(12): /wrds/comp/sasdata/d_na/security
      Engine(13):        V9 
      Physical Name(13): /wrds/comp/sasdata/d_na/segments_current
      Engine(14):        V9 
      Physical Name(14): /wrds/comp/sasdata/d_na/transparency
NOTE: Libref COMPDCUR was successfully assigned as follows: 
      Levels:           14
      Engine(1):        V9 
      Physical Name(1): /wrds/comp/sasdata/d_na_current
      Engine(2):        V9 
      Physical Name(2): /wrds/comp/sasdata/d_na_current/company
      Engine(3):        V9 
      Physical Name(3): /wrds/comp/sasdata/d_na_current/currency
      Engine(4):        V9 
      Physical Name(4): /wrds/comp/sasdata/d_na_current/dictionary
      Engine(5):        V9 
      Physical Name(5): /wrds/comp/sasdata/d_na_current/economy
      Engine(6):        V9 
      Physical Name(6): /wrds/comp/sasdata/d_na_current/index
      Engine(7):        V9 
      Physical Name(7): /wrds/comp/sasdata/d_na_current/industry
      Engine(8):        V9 
      Physical Name(8): /wrds/comp/sasdata/d_na_current/insider
      Engine(9):        V9 
      Physical Name(9): /wrds/comp/sasdata/d_na_current/institution
      Engine(10):        V9 
      Physical Name(10): /wrds/comp/sasdata/d_na_current/pension
      Engine(11):        V9 
      Physical Name(11): /wrds/comp/sasdata/d_na_current/rating
      Engine(12):        V9 
      Physical Name(12): /wrds/comp/sasdata/d_na_current/security
      Engine(13):        V9 
      Physical Name(13): /wrds/comp/sasdata/d_na_current/segments_current
      Engine(14):        V9 
      Physical Name(14): /wrds/comp/sasdata/d_na_current/transparency
NOTE: Libref COMPSEG was successfully assigned as follows: 
      Engine:        V9 
      Physical Name: /wrds/comp/sasdata/seghist
NOTE: Libref COMPSEGD was successfully assigned as follows: 
      Engine:        V9 
      Physical Name: /wrds/comp/sasdata/d_seghist
NOTE: Libref EXECCOMP was successfully assigned as follows: 
      Engine:        V9 
      Physical Name: /wrds/comp/sasdata/execcomp
NOTE: Libref COMPD was successfully assigned as follows: 
      Levels:           23
      Engine(1):        V9 
      Physical Name(1): /wrds/comp/sasdata/d_seghist
      Engine(2):        V9 
      Physical Name(2): /wrds/comp/sasdata/d_na
      Engine(3):        V9 
      Physical Name(3): /wrds/comp/sasdata/d_na/company
      Engine(4):        V9 
      Physical Name(4): /wrds/comp/sasdata/d_na/currency
      Engine(5):        V9 
      Physical Name(5): /wrds/comp/sasdata/d_na/dictionary
      Engine(6):        V9 
      Physical Name(6): /wrds/comp/sasdata/d_na/economy
      Engine(7):        V9 
      Physical Name(7): /wrds/comp/sasdata/d_na/index
      Engine(8):        V9 
      Physical Name(8): /wrds/comp/sasdata/d_na/industry
      Engine(9):        V9 
      Physical Name(9): /wrds/comp/sasdata/d_na/insider
      Engine(10):        V9 
      Physical Name(10): /wrds/comp/sasdata/d_na/institution
      Engine(11):        V9 
      Physical Name(11): /wrds/comp/sasdata/d_na/pension
      Engine(12):        V9 
      Physical Name(12): /wrds/comp/sasdata/d_na/rating
      Engine(13):        V9 
      Physical Name(13): /wrds/comp/sasdata/d_na/security
      Engine(14):        V9 
      Physical Name(14): /wrds/comp/sasdata/d_na/segments_current
      Engine(15):        V9 
      Physical Name(15): /wrds/comp/sasdata/d_na/transparency
      Engine(16):        V9 
      Physical Name(16): /wrds/comp/sasdata/d_bank
      Engine(17):        V9 
      Physical Name(17): /wrds/comp/sasdata/d_global
      Engine(18):        V9 
      Physical Name(18): /wrds/comp/sasdata/d_global/company
      Engine(19):        V9 
      Physical Name(19): /wrds/comp/sasdata/d_global/currency
      Engine(20):        V9 
      Physical Name(20): /wrds/comp/sasdata/d_global/dictionary
      Engine(21):        V9 
      Physical Name(21): /wrds/comp/sasdata/d_global/economy
      Engine(22):        V9 
      Physical Name(22): /wrds/comp/sasdata/d_global/index
      Engine(23):        V9 
      Physical Name(23): /wrds/comp/sasdata/d_global/security
NOTE: Libref COMP was successfully assigned as follows: 
      Levels:           26
      Engine(1):        V9 
      Physical Name(1): /wrds/comp/sasdata/d_seghist
      Engine(2):        V9 
      Physical Name(2): /wrds/comp/sasdata/d_na
      Engine(3):        V9 
      Physical Name(3): /wrds/comp/sasdata/d_na/company
      Engine(4):        V9 
      Physical Name(4): /wrds/comp/sasdata/d_na/currency
      Engine(5):        V9 
      Physical Name(5): /wrds/comp/sasdata/d_na/dictionary
      Engine(6):        V9 
      Physical Name(6): /wrds/comp/sasdata/d_na/economy
      Engine(7):        V9 
      Physical Name(7): /wrds/comp/sasdata/d_na/index
      Engine(8):        V9 
      Physical Name(8): /wrds/comp/sasdata/d_na/industry
      Engine(9):        V9 
      Physical Name(9): /wrds/comp/sasdata/d_na/insider
      Engine(10):        V9 
      Physical Name(10): /wrds/comp/sasdata/d_na/institution
      Engine(11):        V9 
      Physical Name(11): /wrds/comp/sasdata/d_na/pension
      Engine(12):        V9 
      Physical Name(12): /wrds/comp/sasdata/d_na/rating
      Engine(13):        V9 
      Physical Name(13): /wrds/comp/sasdata/d_na/security
      Engine(14):        V9 
      Physical Name(14): /wrds/comp/sasdata/d_na/segments_current
      Engine(15):        V9 
      Physical Name(15): /wrds/comp/sasdata/d_na/transparency
      Engine(16):        V9 
      Physical Name(16): /wrds/comp/sasdata/d_bank
      Engine(17):        V9 
      Physical Name(17): /wrds/comp/sasdata/d_global
      Engine(18):        V9 
      Physical Name(18): /wrds/comp/sasdata/d_global/company
      Engine(19):        V9 
      Physical Name(19): /wrds/comp/sasdata/d_global/currency
      Engine(20):        V9 
      Physical Name(20): /wrds/comp/sasdata/d_global/dictionary
      Engine(21):        V9 
      Physical Name(21): /wrds/comp/sasdata/d_global/economy
      Engine(22):        V9 
      Physical Name(22): /wrds/comp/sasdata/d_global/index
      Engine(23):        V9 
      Physical Name(23): /wrds/comp/sasdata/d_global/security
      Engine(24):        V9 
      Physical Name(24): /wrds/comp/sasdata/execcomp
      Engine(25):        V9 
      Physical Name(25): /wrds/comp/sasdata/filings
      Engine(26):        V9 
      Physical Name(26): /wrds/comp/sasdata/marginaltax
NOTE: Libref COMPH was successfully assigned as follows: 
      Levels:           3
      Engine(1):        V9 
      Physical Name(1): /wrds/comp/sasdata/ph
      Engine(2):        V9 
      Physical Name(2): /wrds/comp/sasdata/pit
      Engine(3):        V9 
      Physical Name(3): /wrds/comp/sasdata/urq
NOTE: Libref COMPSAMP was successfully assigned as follows: 
      Engine:        V9 
      Physical Name: /wrds/compsamp/sasdata
NOTE: Libref COMPSNAP was successfully assigned as follows: 
      Engine:        V9 
      Physical Name: /wrds/comp/sasdata/snapshot
NOTE: Libref COMSCORE was successfully assigned as follows: 
      Engine:        V9 
      Physical Name: /wrds/comscore/sasdata
NOTE: Libref CONTRIB was successfully assigned as follows: 
      Levels:           8
      Engine(1):        V9 
      Physical Name(1): /wrds/contributors/sasdata/ceo_turnover
      Engine(2):        V9 
      Physical Name(2): /wrds/contributors/sasdata/characteristic_returns
      Engine(3):        V9 
      Physical Name(3): /wrds/contributors/sasdata/common_ownership
      Engine(4):        V9 
      Physical Name(4): /wrds/contributors/sasdata/liva
      Engine(5):        V9 
      Physical Name(5): /wrds/contributors/sasdata/rq
      Engine(6):        V9 
      Physical Name(6): /wrds/contributors/sasdata/schwert_dealscan_link
      Engine(7):        V9 
      Physical Name(7): /wrds/contributors/sasdata/shale
      Engine(8):        V9 
      Physical Name(8): /wrds/contributors/sasdata/total_q
NOTE: Libref CRSPA was successfully assigned as follows: 
      Levels:           8
      Engine(1):        V9 
      Physical Name(1): /wrds/crsp/sasdata/a_stock
      Engine(2):        V9 
      Physical Name(2): /wrds/crsp/sasdata/a_stock62
      Engine(3):        V9 
      Physical Name(3): /wrds/crsp/sasdata/a_indexes
      Engine(4):        V9 
      Physical Name(4): /wrds/crsp/sasdata/a_ccm
      Engine(5):        V9 
      Physical Name(5): /wrds/crsp/sasdata/a_treasuries
      Engine(6):        V9 
      Physical Name(6): /wrds/crsp/sasdata/a_treas_bd
      Engine(7):        V9 
      Physical Name(7): /wrds/crsp/sasdata/a_treas_bm
      Engine(8):        V9 
      Physical Name(8): /wrds/crsp/sasdata/a_ziman
NOTE: Libref CRSPQ was successfully assigned as follows: 
      Levels:           9
      Engine(1):        V9 
      Physical Name(1): /wrds/crsp/sasdata/q_stock
      Engine(2):        V9 
      Physical Name(2): /wrds/crsp/sasdata/q_indexes
      Engine(3):        V9 
      Physical Name(3): /wrds/crsp/sasdata/q_ccm
      Engine(4):        V9 
      Physical Name(4): /wrds/crsp/sasdata/q_mutualfunds
      Engine(5):        V9 
      Physical Name(5): /wrds/crsp/sasdata/q_stock62
      Engine(6):        V9 
      Physical Name(6): /wrds/crsp/sasdata/q_treasuries
      Engine(7):        V9 
      Physical Name(7): /wrds/crsp/sasdata/q_treas_bd
      Engine(8):        V9 
      Physical Name(8): /wrds/crsp/sasdata/q_treas_bm
      Engine(9):        V9 
      Physical Name(9): /wrds/crsp/sasdata/q_ziman
NOTE: Libref CRSPM was successfully assigned as follows: 
      Levels:           8
      Engine(1):        V9 
      Physical Name(1): /wrds/crsp/sasdata/m_stock
      Engine(2):        V9 
      Physical Name(2): /wrds/crsp/sasdata/m_indexes
      Engine(3):        V9 
      Physical Name(3): /wrds/crsp/sasdata/m_ccm
      Engine(4):        V9 
      Physical Name(4): /wrds/crsp/sasdata/m_stock62
      Engine(5):        V9 
      Physical Name(5): /wrds/crsp/sasdata/m_treasuries
      Engine(6):        V9 
      Physical Name(6): /wrds/crsp/sasdata/m_treas_bd
      Engine(7):        V9 
      Physical Name(7): /wrds/crsp/sasdata/m_treas_bm
      Engine(8):        V9 
      Physical Name(8): /wrds/crsp/sasdata/m_ziman
NOTE: Libref CRSP was successfully assigned as follows: 
      Levels:           9
      Engine(1):        V9 
      Physical Name(1): /wrds/crsp/sasdata/a_stock
      Engine(2):        V9 
      Physical Name(2): /wrds/crsp/sasdata/a_stock62
      Engine(3):        V9 
      Physical Name(3): /wrds/crsp/sasdata/a_indexes
      Engine(4):        V9 
      Physical Name(4): /wrds/crsp/sasdata/a_ccm
      Engine(5):        V9 
      Physical Name(5): /wrds/crsp/sasdata/a_treasuries
      Engine(6):        V9 
      Physical Name(6): /wrds/crsp/sasdata/a_treas_bd
      Engine(7):        V9 
      Physical Name(7): /wrds/crsp/sasdata/a_treas_bm
      Engine(8):        V9 
      Physical Name(8): /wrds/crsp/sasdata/a_ziman
      Engine(9):        V9 
      Physical Name(9): /wrds/crsp/sasdata/q_mutualfunds
NOTE: Libref CRSPSAMP was successfully assigned as follows: 
      Levels:           2
      Engine(1):        V9 
      Physical Name(1): /wrds/crspsamp/sasdata
      Engine(2):        V9 
      Physical Name(2): /wrds/samples/sasdata/crsp_mf
NOTE: Libref CSMAR was successfully assigned as follows: 
      Levels:           12
      Engine(1):        V9 
      Physical Name(1): /wrds/csmar/sasdata/trading
      Engine(2):        V9 
      Physical Name(2): /wrds/csmar/sasdata/financial
      Engine(3):        V9 
      Physical Name(3): /wrds/csmar/sasdata/funds_mkt_research
      Engine(4):        V9 
      Physical Name(4): /wrds/csmar/sasdata/ma
      Engine(5):        V9 
      Physical Name(5): /wrds/csmar/sasdata/ipo_a
      Engine(6):        V9 
      Physical Name(6): /wrds/csmar/sasdata/af
      Engine(7):        V9 
      Physical Name(7): /wrds/csmar/sasdata/cd
      Engine(8):        V9 
      Physical Name(8): /wrds/csmar/sasdata/cg
      Engine(9):        V9 
      Physical Name(9): /wrds/csmar/sasdata/ini
      Engine(10):        V9 
      Physical Name(10): /wrds/csmar/sasdata/colc
      Engine(11):        V9 
      Physical Name(11): /wrds/csmar/sasdata/rs
      Engine(12):        V9 
      Physical Name(12): /wrds/csmar/sasdata/hld
NOTE: Libref CUSIPM was successfully assigned as follows: 
      Engine:        V9 
      Physical Name: /wrds/cusip/sasdata
NOTE: Libref DEALSCAN was successfully assigned as follows: 
      Engine:        V9 
      Physical Name: /wrds/tfn/sasdata/dealscan
NOTE: Libref DJONES was successfully assigned as follows: 
      Engine:        V9 
      Physical Name: /wrds/djones/sasdata
NOTE: Libref DMEF was successfully assigned as follows: 
      Engine:        V9 
      Physical Name: /wrds/dmef/sasdata
NOTE: Libref DOE was successfully assigned as follows: 
      Engine:        V9 
      Physical Name: /wrds/doe/sasdata
NOTE: Libref EMDB was successfully assigned as follows: 
      Levels:           2
      Engine(1):        V9 
      Physical Name(1): /wrds/comp/sasdata/emdbd
      Engine(2):        V9 
      Physical Name(2): /wrds/comp/sasdata/emdbm
NOTE: Libref ETFG was successfully assigned as follows: 
      Levels:           4
      Engine(1):        V9 
      Physical Name(1): /wrds/etfg/sasdata/industry
      Engine(2):        V9 
      Physical Name(2): /wrds/etfg/sasdata/fund_flow
      Engine(3):        V9 
      Physical Name(3): /wrds/etfg/sasdata/analytics
      Engine(4):        V9 
      Physical Name(4): /wrds/etfg/sasdata/constituents
NOTE: Libref ETFGSAMP was successfully assigned as follows: 
      Engine:        V9 
      Physical Name: /wrds/samples/sasdata/etfg
NOTE: Libref EUREKA was successfully assigned as follows: 
      Engine:        V9 
      Physical Name: /wrds/eureka/sasdata
NOTE: Libref EURSAMP was successfully assigned as follows: 
      Engine:        V9 
      Physical Name: /wrds/samples/sasdata/eureka
NOTE: Libref FACTSET was successfully assigned as follows: 
      Levels:           7
      Engine(1):        V9 
      Physical Name(1): /wrds/factset/sasdata/ff_usc
      Engine(2):        V9 
      Physical Name(2): /wrds/factset/sasdata/ff_int
      Engine(3):        V9 
      Physical Name(3): /wrds/factset/sasdata/own
      Engine(4):        V9 
      Physical Name(4): /wrds/factset/sasdata/common
      Engine(5):        V9 
      Physical Name(5): /wrds/factset/sasdata/own_v5
      Engine(6):        V9 
      Physical Name(6): /wrds/factset/sasdata/ff_usc_v3
      Engine(7):        V9 
      Physical Name(7): /wrds/factset/sasdata/ff_int_v3
NOTE: Libref FSSAMP was successfully assigned as follows: 
      Levels:           2
      Engine(1):        V9 
      Physical Name(1): /wrds/samples/sasdata/factset
      Engine(2):        V9 
      Physical Name(2): /wrds/samples/sasdata/revere
NOTE: Libref FDIC was successfully assigned as follows: 
      Engine:        V9 
      Physical Name: /wrds/fdic/sasdata
NOTE: Libref FF was successfully assigned as follows: 
      Engine:        V9 
      Physical Name: /wrds/ff/sasdata
NOTE: Libref FISD was successfully assigned as follows: 
      Levels:           2
      Engine(1):        V9 
      Physical Name(1): /wrds/mergent/sasdata/fisd
      Engine(2):        V9 
      Physical Name(2): /wrds/mergent/sasdata/naic
NOTE: Libref FISDSAMP was successfully assigned as follows: 
      Engine:        V9 
      Physical Name: /wrds/fisdsamp/sasdata
NOTE: Libref FTSE was successfully assigned as follows: 
      Engine:        V9 
      Physical Name: /wrds/ftse/sasdata/russell
NOTE: Libref FTSESAMP was successfully assigned as follows: 
      Engine:        V9 
      Physical Name: /wrds/samples/sasdata/ftse
NOTE: Libref FRB was successfully assigned as follows: 
      Engine:        V9 
      Physical Name: /wrds/frb/sasdata
NOTE: Libref GINSIGHT was successfully assigned as follows: 
      Levels:           4
      Engine(1):        V9 
      Physical Name(1): /wrds/ginsight/sasdata/all
      Engine(2):        V9 
      Physical Name(2): /wrds/ginsight/sasdata/basic
      Engine(3):        V9 
      Physical Name(3): /wrds/ginsight/sasdata/common
      Engine(4):        V9 
      Physical Name(4): /wrds/ginsight/sasdata/econ_analytics
NOTE: Libref GMI was successfully assigned as follows: 
      Engine:        V9 
      Physical Name: /wrds/gmiratings/sasdata
NOTE: Libref GOVPX was successfully assigned as follows: 
      Engine:        V9 
      Physical Name: /wrds/govpx/sasdata
NOTE: Libref GOVPXSMP was successfully assigned as follows: 
      Engine:        V9 
      Physical Name: /wrds/samples/sasdata/govpx
NOTE: Libref HBASEPRM was successfully assigned as follows: 
      Engine:        V9 
      Physical Name: /wrds/hbase/sasdata/premium
NOTE: Libref HBASE was successfully assigned as follows: 
      Levels:           1
      Engine(1):        V9 
      Physical Name(1): /wrds/hbase/sasdata/premium
NOTE: Libref HBASESMP was successfully assigned as follows: 
      Engine:        V9 
      Physical Name: /wrds/samples/sasdata/hbase
NOTE: Libref HFR was successfully assigned as follows: 
      Levels:           4
      Engine(1):        V9 
      Physical Name(1): /wrds/hfr/sasdata/hfrdb_academic_dead
      Engine(2):        V9 
      Physical Name(2): /wrds/hfr/sasdata/hfrdb_academic_live
      Engine(3):        V9 
      Physical Name(3): /wrds/hfr/sasdata/hfrdb_dead
      Engine(4):        V9 
      Physical Name(4): /wrds/hfr/sasdata/hfrdb_live
NOTE: Libref HFRSAMP was successfully assigned as follows: 
      Engine:        V9 
      Physical Name: /wrds/hfrsamp/sasdata/hfrdb
NOTE: Libref IBES was successfully assigned as follows: 
      Levels:           3
      Engine(1):        V9 
      Physical Name(1): /wrds/ibes/sasdata
      Engine(2):        V9 
      Physical Name(2): /wrds/ibes/sasdata/iga
      Engine(3):        V9 
      Physical Name(3): /wrds/ibes/sasdata/guidance
NOTE: Libref IBESCORP was successfully assigned as follows: 
      Engine:        V9 
      Physical Name: /wrds/ibes/sasdata/corporate
NOTE: Libref IBESKPI was successfully assigned as follows: 
      Engine:        V9 
      Physical Name: /wrds/ibes/sasdata/kpi
NOTE: Libref IFGR was successfully assigned as follows: 
      Levels:           2
      Engine(1):        V9 
      Physical Name(1): /wrds/infogroup/sasdata/business
      Engine(2):        V9 
      Physical Name(2): /wrds/infogroup/sasdata/residential
NOTE: Libref IFGRSAMP was successfully assigned as follows: 
      Levels:           2
      Engine(1):        V9 
      Physical Name(1): /wrds/samples/sasdata/infogroup/business
      Engine(2):        V9 
      Physical Name(2): /wrds/samples/sasdata/infogroup/residential
NOTE: Libref IMS was successfully assigned as follows: 
      Levels:           9
      Engine(1):        V9 
      Physical Name(1): /wrds/ims/sasdata
      Engine(2):        V9 
      Physical Name(2): /wrds/ims/sasdata/recent_standard_plus
      Engine(3):        V9 
      Physical Name(3): /wrds/ims/sasdata/recent_premium
      Engine(4):        V9 
      Physical Name(4): /wrds/ims/sasdata/historical_standard_plus
      Engine(5):        V9 
      Physical Name(5): /wrds/ims/sasdata/historical_premium
      Engine(6):        V9 
      Physical Name(6): /wrds/ims/sasdata/historical_3years_standard_plus
      Engine(7):        V9 
      Physical Name(7): /wrds/ims/sasdata/historical_3years_premium
      Engine(8):        V9 
      Physical Name(8): /wrds/ims/sasdata/historical_5years_standard_plus
      Engine(9):        V9 
      Physical Name(9): /wrds/ims/sasdata/historical_5years_premium
NOTE: Libref IMSSAMP was successfully assigned as follows: 
      Engine:        V9 
      Physical Name: /wrds/samples/sasdata/ims
NOTE: Libref IRI was successfully assigned as follows: 
      Engine:        V9 
      Physical Name: /wrds/iri/sasdata
NOTE: Libref ISS was successfully assigned as follows: 
      Levels:           2
      Engine(1):        V9 
      Physical Name(1): /wrds/riskmetrics/sasdata/incentive_lab
      Engine(2):        V9 
      Physical Name(2): /wrds/riskmetrics/sasdata/incentive_lab/europe
NOTE: Libref ISSM was successfully assigned as follows: 
      Engine:        V9 
      Physical Name: /wrds/issm/sasdata
NOTE: Libref KLD was successfully assigned as follows: 
      Engine:        V9 
      Physical Name: /wrds/kld/sasdata
NOTE: Libref KPISAMP was successfully assigned as follows: 
      Engine:        V9 
      Physical Name: /wrds/samples/sasdata/ibeskpi
NOTE: Libref KTMINE was successfully assigned as follows: 
      Levels:           2
      Engine(1):        V9 
      Physical Name(1): /wrds/ktmine/sasdata
      Engine(2):        V9 
      Physical Name(2): /wrds/ktmine/sasdata/corptree
NOTE: Libref KTSAMP was successfully assigned as follows: 
      Levels:           2
      Engine(1):        V9 
      Physical Name(1): /wrds/samples/sasdata/ktmine
      Engine(2):        V9 
      Physical Name(2): /wrds/samples/sasdata/ktmine/corptree
NOTE: Libref LEVIN was successfully assigned as follows: 
      Engine:        V9 
      Physical Name: /wrds/levin/sasdata
NOTE: Libref LVNSAMP was successfully assigned as follows: 
      Engine:        V9 
      Physical Name: /wrds/samples/sasdata/levin
NOTE: Libref LSPD was successfully assigned as follows: 
      Levels:           2
      Engine(1):        V9 
      Physical Name(1): /wrds/lspd/sasdata/monthly
      Engine(2):        V9 
      Physical Name(2): /wrds/lspd/sasdata/daily
NOTE: Libref LSPDSAMP was successfully assigned as follows: 
      Engine:        V9 
      Physical Name: /wrds/samples/sasdata/lspd
NOTE: Libref MARKIT was successfully assigned as follows: 
      Levels:           10
      Engine(1):        V9 
      Physical Name(1): /wrds/markit/sasdata/cds
      Engine(2):        V9 
      Physical Name(2): /wrds/markit/sasdata/red
      Engine(3):        V9 
      Physical Name(3): /wrds/markit/sasdata/cdx_composites
      Engine(4):        V9 
      Physical Name(4): /wrds/markit/sasdata/cdx_constituents
      Engine(5):        V9 
      Physical Name(5): /wrds/markit/sasdata/itraxx_asia_composites
      Engine(6):        V9 
      Physical Name(6): /wrds/markit/sasdata/itraxx_europe_composites
      Engine(7):        V9 
      Physical Name(7): /wrds/markit/sasdata/itraxx_sovx_composites
      Engine(8):        V9 
      Physical Name(8): /wrds/markit/sasdata/itraxx_asia_constituents
      Engine(9):        V9 
      Physical Name(9): /wrds/markit/sasdata/itraxx_europe_constituents
      Engine(10):        V9 
      Physical Name(10): /wrds/markit/sasdata/itraxx_sovx_constituents
NOTE: Libref MSFANLY was successfully assigned as follows: 
      Levels:           5
      Engine(1):        V9 
      Physical Name(1): /wrds/markit/sasdata/msf_analytics_bonds
      Engine(2):        V9 
      Physical Name(2): /wrds/markit/sasdata/msf_analytics_eqty_amer
      Engine(3):        V9 
      Physical Name(3): /wrds/markit/sasdata/msf_analytics_eqty_euro
      Engine(4):        V9 
      Physical Name(4): /wrds/markit/sasdata/msf_analytics_eqty_asia
      Engine(5):        V9 
      Physical Name(5): /wrds/markit/sasdata/msf_analytics_eqty_other
NOTE: Libref MSFINST was successfully assigned as follows: 
      Levels:           5
      Engine(1):        V9 
      Physical Name(1): /wrds/markit/sasdata/msf_inst_bonds
      Engine(2):        V9 
      Physical Name(2): /wrds/markit/sasdata/msf_inst_eqty_amer
      Engine(3):        V9 
      Physical Name(3): /wrds/markit/sasdata/msf_inst_eqty_asia
      Engine(4):        V9 
      Physical Name(4): /wrds/markit/sasdata/msf_inst_eqty_euro
      Engine(5):        V9 
      Physical Name(5): /wrds/markit/sasdata/msf_inst_eqty_other
NOTE: Libref MRKTSAMP was successfully assigned as follows: 
      Engine:        V9 
      Physical Name: /wrds/samples/sasdata/markit/cdsred
NOTE: Libref MFL was successfully assigned as follows: 
      Engine:        V9 
      Physical Name: /wrds/mfl/sasdata
NOTE: Libref MSRB was successfully assigned as follows: 
      Engine:        V9 
      Physical Name: /wrds/msrb/sasdata
NOTE: Libref MSRBSAMP was successfully assigned as follows: 
      Engine:        V9 
      Physical Name: /wrds/samples/sasdata/msrb
NOTE: Libref NASTRAQ was successfully assigned as follows: 
      Engine:        V9 
      Physical Name: /wrds/nastraq/sasdata
NOTE: Libref OMTRIAL was successfully assigned as follows: 
      Levels:           2
      Engine(1):        V9 
      Physical Name(1): /wrds/samples/sasdata/optionmetrics
      Engine(2):        V9 
      Physical Name(2): /wrds/samples/sasdata/optionmetrics/europe
NOTE: Libref OPTIONM was successfully assigned as follows: 
      Levels:           2
      Engine(1):        V9 
      Physical Name(1): /wrds/optionm/sasdata
      Engine(2):        V9 
      Physical Name(2): /wrds/optionm/sasdata/europe
NOTE: Libref OTC was successfully assigned as follows: 
      Engine:        V9 
      Physical Name: /wrds/otc/sasdata/endofday
NOTE: Libref PACAP was successfully assigned as follows: 
      Levels:           8
      Engine(1):        V9 
      Physical Name(1): /wrds/pacap/sasdata/hk
      Engine(2):        V9 
      Physical Name(2): /wrds/pacap/sasdata/id
      Engine(3):        V9 
      Physical Name(3): /wrds/pacap/sasdata/ja
      Engine(4):        V9 
      Physical Name(4): /wrds/pacap/sasdata/ks
      Engine(5):        V9 
      Physical Name(5): /wrds/pacap/sasdata/my
      Engine(6):        V9 
      Physical Name(6): /wrds/pacap/sasdata/sn
      Engine(7):        V9 
      Physical Name(7): /wrds/pacap/sasdata/tw
      Engine(8):        V9 
      Physical Name(8): /wrds/pacap/sasdata/th
NOTE: Libref PHLX was successfully assigned as follows: 
      Engine:        V9 
      Physical Name: /wrds/phlx/sasdata
NOTE: Libref PPUBLICA was successfully assigned as follows: 
      Levels:           2
      Engine(1):        V9 
      Physical Name(1): /wrds/ppublica/sasdata/d4d
      Engine(2):        V9 
      Physical Name(2): /wrds/ppublica/sasdata/rx_checkup
NOTE: Libref PPUBSAMP was successfully assigned as follows: 
      Levels:           2
      Engine(1):        V9 
      Physical Name(1): /wrds/samples/sasdata/ppublica/d4d
      Engine(2):        V9 
      Physical Name(2): /wrds/samples/sasdata/ppublica/rx_checkup
NOTE: Libref PREQIN was successfully assigned as follows: 
      Levels:           2
      Engine(1):        V9 
      Physical Name(1): /wrds/preqin/sasdata/private_equity
      Engine(2):        V9 
      Physical Name(2): /wrds/preqin/sasdata/venture_capital
NOTE: Libref PREQSAMP was successfully assigned as follows: 
      Engine:        V9 
      Physical Name: /wrds/samples/sasdata/preqin
NOTE: Libref PUBLIC was successfully assigned as follows: 
      Levels:           7
      Engine(1):        V9 
      Physical Name(1): /wrds/public/sasdata/climate/noaa
      Engine(2):        V9 
      Physical Name(2): /wrds/public/sasdata/legal/govtrack
      Engine(3):        V9 
      Physical Name(3): /wrds/public/sasdata/macroecon/bea
      Engine(4):        V9 
      Physical Name(4): /wrds/public/sasdata/macroecon/bls
      Engine(5):        V9 
      Physical Name(5): /wrds/public/sasdata/healthcare/hcup
      Engine(6):        V9 
      Physical Name(6): /wrds/public/sasdata/healthcare/meps
      Engine(7):        V9 
      Physical Name(7): /wrds/public/sasdata/taxis
NOTE: Libref PWT was successfully assigned as follows: 
      Engine:        V9 
      Physical Name: /wrds/pwt/sasdata
NOTE: Libref RENT was successfully assigned as follows: 
      Engine:        V9 
      Physical Name: /wrds/rent/sasdata
NOTE: Libref REPRISK was successfully assigned as follows: 
      Levels:           3
      Engine(1):        V9 
      Physical Name(1): /wrds/reprisk/sasdata/pm
      Engine(2):        V9 
      Physical Name(2): /wrds/reprisk/sasdata/std
      Engine(3):        V9 
      Physical Name(3): /wrds/reprisk/sasdata
NOTE: Libref REPSAMP was successfully assigned as follows: 
      Engine:        V9 
      Physical Name: /wrds/samples/sasdata/reprisk
NOTE: Libref REVERE was successfully assigned as follows: 
      Levels:           4
      Engine(1):        V9 
      Physical Name(1): /wrds/factset/sasdata/revere_common
      Engine(2):        V9 
      Physical Name(2): /wrds/factset/sasdata/revere_supply_chain
      Engine(3):        V9 
      Physical Name(3): /wrds/factset/sasdata/revere_geo_rev
      Engine(4):        V9 
      Physical Name(4): /wrds/factset/sasdata/revere_ind_class
NOTE: Libref RISK was successfully assigned as follows: 
      Levels:           12
      Engine(1):        V9 
      Physical Name(1): /wrds/riskmetrics/sasdata/directors
      Engine(2):        V9 
      Physical Name(2): /wrds/riskmetrics/sasdata/governance
      Engine(3):        V9 
      Physical Name(3): /wrds/riskmetrics/sasdata/proposals
      Engine(4):        V9 
      Physical Name(4): /wrds/riskmetrics/sasdata/incentive_lab
      Engine(5):        V9 
      Physical Name(5): /wrds/riskmetrics/sasdata/incentive_lab/europe
      Engine(6):        V9 
      Physical Name(6): /wrds/riskmetrics/sasdata/votes
      Engine(7):        V9 
      Physical Name(7): /wrds/riskmetrics/sasdata/voting_analytics
      Engine(8):        V9 
      Physical Name(8): /wrds/riskmetrics/sasdata/voting_analytics/issrec
      Engine(9):        V9 
      Physical Name(9): /wrds/riskmetrics/sasdata/voting_analytics/mf
      Engine(10):        V9 
      Physical Name(10): /wrds/riskmetrics/sasdata/voting_analytics/proposals
      Engine(11):        V9 
      Physical Name(11): 
      /wrds/riskmetrics/sasdata/voting_analytics/voteresults_global
      Engine(12):        V9 
      Physical Name(12): 
      /wrds/riskmetrics/sasdata/voting_analytics/voteresults_us
NOTE: Libref RISKSAMP was successfully assigned as follows: 
      Engine:        V9 
      Physical Name: /wrds/samples/sasdata/riskmetrics
NOTE: Libref RPNA was successfully assigned as follows: 
      Levels:           5
      Engine(1):        V9 
      Physical Name(1): /wrds/ravenpack/sasdata/common
      Engine(2):        V9 
      Physical Name(2): /wrds/ravenpack/sasdata/dow_jones_edition
      Engine(3):        V9 
      Physical Name(3): /wrds/ravenpack/sasdata/full_edition
      Engine(4):        V9 
      Physical Name(4): /wrds/ravenpack/sasdata/pr_edition
      Engine(5):        V9 
      Physical Name(5): /wrds/ravenpack/sasdata/web_edition
NOTE: Libref RPNASAMP was successfully assigned as follows: 
      Engine:        V9 
      Physical Name: /wrds/samples/sasdata/ravenpack
NOTE: Libref SDC was successfully assigned as follows: 
      Levels:           2
      Engine(1):        V9 
      Physical Name(1): /wrds/tfn/sasdata/sdc_ma
      Engine(2):        V9 
      Physical Name(2): /wrds/tfn/sasdata/sdc_ni
NOTE: Libref SDCSAMP was successfully assigned as follows: 
      Levels:           2
      Engine(1):        V9 
      Physical Name(1): /wrds/samples/sasdata/tfn/sdc_ma
      Engine(2):        V9 
      Physical Name(2): /wrds/samples/sasdata/tfn/sdc_ni
NOTE: Libref SECSAMP was successfully assigned as follows: 
      Engine:        V9 
      Physical Name: /wrds/samples/sasdata/sec
NOTE: Libref SNAPSAMP was successfully assigned as follows: 
      Engine:        V9 
      Physical Name: /wrds/samples/sasdata/comp_snap
NOTE: Libref SNL was successfully assigned as follows: 
      Engine:        V9 
      Physical Name: /wrds/snl/sasdata
NOTE: Libref SNLBR was successfully assigned as follows: 
      Engine:        V9 
      Physical Name: /wrds/snl/sasdata/bank_reg
NOTE: Libref SNLSAMP was successfully assigned as follows: 
      Engine:        V9 
      Physical Name: /wrds/samples/sasdata/snl
NOTE: Libref SPRAT was successfully assigned as follows: 
      Engine:        V9 
      Physical Name: /wrds/comp/sasdata/sprat
NOTE: Libref SUSTAIN was successfully assigned as follows: 
      Levels:           2
      Engine(1):        V9 
      Physical Name(1): /wrds/sustain/sasdata
      Engine(2):        V9 
      Physical Name(2): /wrds/sustain/sasdata/na_only
NOTE: Libref SUSTSAMP was successfully assigned as follows: 
      Engine:        V9 
      Physical Name: /wrds/samples/sasdata/sustain
NOTE: Libref TAQ was successfully assigned as follows: 
      Levels:           4
      Engine(1):        V9 
      Physical Name(1): /wrds/taq/sasdata
      Engine(2):        V9 
      Physical Name(2): /wrds/nyse/sasdata/wrds_taqs_ct
      Engine(3):        V9 
      Physical Name(3): /wrds/nyse/sasdata/wrds_taqs_nbbo
      Engine(4):        V9 
      Physical Name(4): /wrds/nyse/sasdata/wrds_taqs_iid_v1
NOTE: Libref TAQMSEC was successfully assigned as follows: 
      Levels:           7
      Engine(1):        V9 
      Physical Name(1): /wrds/nyse/sasdata/taqms/ct
      Engine(2):        V9 
      Physical Name(2): /wrds/nyse/sasdata/taqms/cq
      Engine(3):        V9 
      Physical Name(3): /wrds/nyse/sasdata/taqms/mast
      Engine(4):        V9 
      Physical Name(4): /wrds/nyse/sasdata/taqms/nbbo
      Engine(5):        V9 
      Physical Name(5): /wrds/nyse/sasdata/taqms/nbbod2m
      Engine(6):        V9 
      Physical Name(6): /wrds/nyse/sasdata/wrds_taqms_wct
      Engine(7):        V9 
      Physical Name(7): /wrds/nyse/sasdata/wrds_taqms_iid
NOTE: Libref TAQSAMP was successfully assigned as follows: 
      Engine:        V9 
      Physical Name: /wrds/taqsamp/sasdata
NOTE: Libref TAQMSAMP was successfully assigned as follows: 
      Engine:        V9 
      Physical Name: /wrds/taqmssamp/sasdata
NOTE: Libref TASS was successfully assigned as follows: 
      Engine:        V9 
      Physical Name: /wrds/tfn/sasdata/tass
NOTE: Libref TFN was successfully assigned as follows: 
      Levels:           3
      Engine(1):        V9 
      Physical Name(1): /wrds/tfn/sasdata/s12
      Engine(2):        V9 
      Physical Name(2): /wrds/tfn/sasdata/s34
      Engine(3):        V9 
      Physical Name(3): /wrds/tfn/sasdata/insiders
NOTE: Libref TOTALQ refers to the same physical library as CONTRIB.
NOTE: Libref TOTALQ was successfully assigned as follows: 
      Engine:        V9 
      Physical Name: /wrds/contributors/sasdata/total_q
NOTE: Libref TRACE was successfully assigned as follows: 
      Levels:           2
      Engine(1):        V9 
      Physical Name(1): /wrds/trace/sasdata/standard
      Engine(2):        V9 
      Physical Name(2): /wrds/trace/sasdata/enhanced
NOTE: Libref TROWN was successfully assigned as follows: 
      Engine:        V9 
      Physical Name: /wrds/tfn/sasdata/ownership
NOTE: Libref TRSAMP was successfully assigned as follows: 
      Levels:           3
      Engine(1):        V9 
      Physical Name(1): /wrds/samples/sasdata/ibes_guidance
      Engine(2):        V9 
      Physical Name(2): /wrds/samples/sasdata/tass
      Engine(3):        V9 
      Physical Name(3): /wrds/samples/sasdata/worldscope
NOTE: Libref TRWS was successfully assigned as follows: 
      Engine:        V9 
      Physical Name: /wrds/tfn/sasdata/worldscope
NOTE: Libref TWOIQ was successfully assigned as follows: 
      Engine:        V9 
      Physical Name: /wrds/2iq/sasdata
NOTE: Libref TWOIQSMP was successfully assigned as follows: 
      Engine:        V9 
      Physical Name: /wrds/samples/sasdata/2iq
NOTE: Libref WAPPSAMP was successfully assigned as follows: 
      Levels:           2
      Engine(1):        V9 
      Physical Name(1): /wrds/samples/sasdata/ciqevtstudy
      Engine(2):        V9 
      Physical Name(2): /wrds/samples/sasdata/ciqintevtstudy
NOTE: Libref WQA was successfully assigned as follows: 
      Engine:        V9 
      Physical Name: /wrds/wqa/sasdata
WARNING: One or more libraries specified in the concatenated library WRDSSEC do 
         not exist.  These libraries were removed from the concatenation.
NOTE: Libref WRDSSEC was successfully assigned as follows: 
      Levels:           4
      Engine(1):        V9 
      Physical Name(1): /wrds/sec/sasdata
      Engine(2):        V9 
      Physical Name(2): /wrds/sec/sasdata/common
      Engine(3):        V9 
      Physical Name(3): /wrds/sec/sasdata/sa
      Engine(4):        V9 
      Physical Name(4): /wrds/sec/sasdata/insiders
NOTE: Libref WRDSAPPS was successfully assigned as follows: 
      Levels:           11
      Engine(1):        V9 
      Physical Name(1): /wrds/wrdsapps/sasdata/intevtstudy
      Engine(2):        V9 
      Physical Name(2): /wrds/wrdsapps/sasdata/ciqintevtstudy
      Engine(3):        V9 
      Physical Name(3): /wrds/wrdsapps/sasdata/finratio
      Engine(4):        V9 
      Physical Name(4): /wrds/wrdsapps/sasdata/ravtaqevtstudy
      Engine(5):        V9 
      Physical Name(5): /wrds/wrdsapps/sasdata/gindices
      Engine(6):        V9 
      Physical Name(6): /wrds/wrdsapps/sasdata/bond
      Engine(7):        V9 
      Physical Name(7): /wrds/wrdsapps/sasdata/linking/iclink
      Engine(8):        V9 
      Physical Name(8): /wrds/wrdsapps/sasdata/linking/oclink
      Engine(9):        V9 
      Physical Name(9): /wrds/wrdsapps/sasdata/linking/tclink
      Engine(10):        V9 
      Physical Name(10): /wrds/wrdsapps/sasdata/linking/bdxinslink
      Engine(11):        V9 
      Physical Name(11): /wrds/wrdsapps/sasdata/longrunevt
NOTE: Libref ZACKS was successfully assigned as follows: 
      Engine:        V9 
      Physical Name: /wrds/zacks/sasdata
NOTE: Libref ZACKSAMP was successfully assigned as follows: 
      Engine:        V9 
      Physical Name: /wrds/samples/sasdata/zacks

NOTE: AUTOEXEC processing completed.

1          proc sql;
2          	create table ret as
3          		select permno,a.date,ret-rf as ret
4          		from crsp.dsf a join ff.factors_daily b on a.date=b.date where
4        ! ret>.z
5          		order by permno,date;
NOTE: Table WORK.RET created, with 94453722 rows and 3 columns.

6          quit;
NOTE: PROCEDURE SQL used (Total process time):
      real time           31.92 seconds
      cpu time            50.57 seconds
      

7          
8          %macro corr;
9          
10         proc delete data=corr;
11         run;
12         
13         %do i=1 %to 12*(2019-1928+1)+7;
14         
15         proc sql noprint;
16         	select n(date) into :n trimmed from ff.factors_daily where
16       ! intnx("mon","1jun1927"d,&i.-12)-1<date<intnx("mon","1jun1927"d,&i.);
17         quit;
18         
19         proc sql;
20         	create table re as
21         		select *
22         		from ret where
22       ! intnx("mon","1jun1927"d,&i.-12)-1<date<intnx("mon","1jun1927"d,&i.)
23         		group by permno
24         		having n(ret)=&n.
25         		order by date,permno;
26         quit;
27         
28         proc transpose prefix=r out=r(drop=date _name_);
29         	by date;
30         	id permno;
31         run;
32         
33         proc iml;
34         	use r;
35         	read all var _all_ into r;
36         	t=intnx("mon","1jun1927"d,&i.-1);
37         	t=100*year(t)+month(t);
38         	n=ncol(r);
39         	c=corr(r);
40         	c[do(1,n**2,n+1)]=.;
41         	c=c[:];
42         	create c var{t n c};
43         	append;
44         quit;
45         
46         proc append base=corr;
47         run;
48         
49         %end;
50         
51         %mend;
52         
53         option nonotes;
54         
55         %corr
WARNING: File WORK.CORR.DATA does not exist.
56         
57         option notes;
58         
59         proc export replace file="corrd.csv";
60         run;

61          /*******************************************************************
61       ! ***
62          *   PRODUCT:   SAS
63          *   VERSION:   9.4
64          *   CREATOR:   External File Interface
65          *   DATE:      26MAR20
66          *   DESC:      Generated SAS Datastep Code
67          *   TEMPLATE SOURCE:  (None Specified.)
68          ********************************************************************
68       ! ***/
69             data _null_;
70             %let _EFIERR_ = 0; /* set the ERROR detection macro variable */
71             %let _EFIREC_ = 0;     /* clear export record count macro
71       ! variable */
72             file 'corrd.csv' delimiter=',' DSD DROPOVER lrecl=32767;
73             if _n_ = 1 then        /* write column names or labels */
74              do;
75                put
76                   "T"
77                ','
78                   "N"
79                ','
80                   "C"
81                ;
82              end;
83            set  _LAST_   end=EFIEOD;
84                format T best12. ;
85                format N best12. ;
86                format C best12. ;
87              do;
88                EFIOUT + 1;
89                put T @;
90                put N @;
91                put C ;
92                ;
93              end;
94             if _ERROR_ then call symputx('_EFIERR_',1);  /* set ERROR
94       ! detection macro variable */
95             if EFIEOD then call symputx('_EFIREC_',EFIOUT);
96             run;

NOTE: The file 'corrd.csv' is:
      Filename=/home/uwm/junyong/data/200325/corrd.csv,
      Owner Name=junyong,Group Name=uwm,
      Access Permission=-rw-------,
      Last Modified=26Mar2020:13:09:55

NOTE: 1112 records were written to the file 'corrd.csv'.
      The minimum record length was 5.
      The maximum record length was 24.
NOTE: There were 1111 observations read from the data set WORK.CORR.
NOTE: DATA statement used (Total process time):
      real time           0.01 seconds
      cpu time            0.01 seconds
      

1111 records created in corrd.csv from _LAST_.
  
  
NOTE: "corrd.csv" file was successfully created.
NOTE: PROCEDURE EXPORT used (Total process time):
      real time           0.12 seconds
      cpu time            0.04 seconds
      


NOTE: SAS Institute Inc., SAS Campus Drive, Cary, NC USA 27513-2414
NOTE: The SAS System used:
      real time           1:56:41.64
      cpu time            2:01:48.25
      
